2024-03-13 20:38:10,906 INFO o.a.j.u.JMeterUtils: Setting Locale to en_EN
2024-03-13 20:38:10,925 INFO o.a.j.JMeter: Loading user properties from: C:\Program Files\apache-jmeter-5.6.3\bin\user.properties
2024-03-13 20:38:10,926 INFO o.a.j.JMeter: Loading system properties from: C:\Program Files\apache-jmeter-5.6.3\bin\system.properties
2024-03-13 20:38:10,932 INFO o.a.j.JMeter: Copyright (c) 1998-2024 The Apache Software Foundation
2024-03-13 20:38:10,932 INFO o.a.j.JMeter: Version 5.6.3
2024-03-13 20:38:10,932 INFO o.a.j.JMeter: java.version=21.0.2
2024-03-13 20:38:10,932 INFO o.a.j.JMeter: java.vm.name=Java HotSpot(TM) 64-Bit Server VM
2024-03-13 20:38:10,932 INFO o.a.j.JMeter: os.name=Windows 11
2024-03-13 20:38:10,932 INFO o.a.j.JMeter: os.arch=amd64
2024-03-13 20:38:10,932 INFO o.a.j.JMeter: os.version=10.0
2024-03-13 20:38:10,933 INFO o.a.j.JMeter: file.encoding=UTF-8
2024-03-13 20:38:10,933 INFO o.a.j.JMeter: java.awt.headless=null
2024-03-13 20:38:10,933 INFO o.a.j.JMeter: Max memory     =1073741824
2024-03-13 20:38:10,933 INFO o.a.j.JMeter: Available Processors =12
2024-03-13 20:38:10,940 INFO o.a.j.JMeter: Default Locale=English (EN)
2024-03-13 20:38:10,941 INFO o.a.j.JMeter: JMeter  Locale=English (EN)
2024-03-13 20:38:10,941 INFO o.a.j.JMeter: JMeterHome=C:\Program Files\apache-jmeter-5.6.3
2024-03-13 20:38:10,941 INFO o.a.j.JMeter: user.dir  =C:\Users\Daril\OneDrive\Semester 4\Adpro\profiling\exercise-profiling
2024-03-13 20:38:10,942 INFO o.a.j.JMeter: PWD       =C:\Users\Daril\OneDrive\Semester 4\Adpro\profiling\exercise-profiling
2024-03-13 20:38:10,943 INFO o.a.j.JMeter: IP: 192.168.56.1 Name: Raf-Nitro FullName: Raf-Nitro
2024-03-13 20:38:10,955 INFO o.a.j.JMeter: Loaded icon properties from org/apache/jmeter/images/icon.properties
2024-03-13 20:38:11,103 INFO o.a.j.JMeterGuiLauncher: Setting LAF to: com.github.weisj.darklaf.DarkLaf:com.github.weisj.darklaf.theme.DarculaTheme
2024-03-13 20:38:17,260 INFO o.a.j.s.FileServer: Default base='C:\Users\Daril\OneDrive\Semester 4\Adpro\profiling\exercise-profiling'
2024-03-13 20:38:17,263 INFO o.a.j.g.a.Load: Loading file: C:\Users\Daril\OneDrive\Desktop\test_plan_2.jmx
2024-03-13 20:38:17,263 INFO o.a.j.s.FileServer: Set new base='C:\Users\Daril\OneDrive\Desktop'
2024-03-13 20:38:17,402 INFO o.a.j.s.SaveService: Testplan (JMX) version: 2.2. Testlog (JTL) version: 2.2
2024-03-13 20:38:17,426 INFO o.a.j.s.SaveService: Using SaveService properties version 5.0
2024-03-13 20:38:17,427 INFO o.a.j.s.SaveService: Using SaveService properties file encoding UTF-8
2024-03-13 20:38:17,428 INFO o.a.j.s.SaveService: Loading file: C:\Users\Daril\OneDrive\Desktop\test_plan_2.jmx
2024-03-13 20:38:17,450 INFO o.a.j.p.h.s.HTTPSamplerBase: Parser for text/html is org.apache.jmeter.protocol.http.parser.LagartoBasedHtmlParser
2024-03-13 20:38:17,450 INFO o.a.j.p.h.s.HTTPSamplerBase: Parser for application/xhtml+xml is org.apache.jmeter.protocol.http.parser.LagartoBasedHtmlParser
2024-03-13 20:38:17,450 INFO o.a.j.p.h.s.HTTPSamplerBase: Parser for application/xml is org.apache.jmeter.protocol.http.parser.LagartoBasedHtmlParser
2024-03-13 20:38:17,450 INFO o.a.j.p.h.s.HTTPSamplerBase: Parser for text/xml is org.apache.jmeter.protocol.http.parser.LagartoBasedHtmlParser
2024-03-13 20:38:17,450 INFO o.a.j.p.h.s.HTTPSamplerBase: Parser for text/vnd.wap.wml is org.apache.jmeter.protocol.http.parser.RegexpHTMLParser
2024-03-13 20:38:17,450 INFO o.a.j.p.h.s.HTTPSamplerBase: Parser for text/css is org.apache.jmeter.protocol.http.parser.CssParser
2024-03-13 20:38:17,588 INFO o.a.j.s.SampleResult: Note: Sample TimeStamps are START times
2024-03-13 20:38:17,588 INFO o.a.j.s.SampleResult: sampleresult.default.encoding is set to UTF-8
2024-03-13 20:38:17,588 INFO o.a.j.s.SampleResult: sampleresult.useNanoTime=true
2024-03-13 20:38:17,588 INFO o.a.j.s.SampleResult: sampleresult.nanoThreadSleep=5000
2024-03-13 20:38:17,803 INFO o.a.j.s.FileServer: Set new base='C:\Users\Daril\OneDrive\Desktop'
2024-03-13 20:38:21,361 INFO o.a.j.e.StandardJMeterEngine: Running the test!
2024-03-13 20:38:21,362 INFO o.a.j.s.SampleEvent: List of sample_variables: []
2024-03-13 20:38:21,362 INFO o.a.j.s.SampleEvent: List of sample_variables: []
2024-03-13 20:38:21,363 INFO o.a.j.e.u.CompoundVariable: Note: Function class names must contain the string: '.functions.'
2024-03-13 20:38:21,363 INFO o.a.j.e.u.CompoundVariable: Note: Function class names must not contain the string: '.gui.'
2024-03-13 20:38:21,409 INFO o.a.j.g.u.JMeterMenuBar: setRunning(true, *local*)
2024-03-13 20:38:21,434 INFO o.a.j.e.StandardJMeterEngine: Starting ThreadGroup: 1 : Thread Group
2024-03-13 20:38:21,434 INFO o.a.j.e.StandardJMeterEngine: Starting 10 threads for group Thread Group.
2024-03-13 20:38:21,434 INFO o.a.j.e.StandardJMeterEngine: Thread will continue on error
2024-03-13 20:38:21,434 INFO o.a.j.t.ThreadGroup: Starting thread group... number=1 threads=10 ramp-up=1 delayedStart=false
2024-03-13 20:38:21,437 INFO o.a.j.t.JMeterThread: Thread started: Thread Group 1-1
2024-03-13 20:38:21,438 INFO o.a.j.t.ThreadGroup: Started thread group number 1
2024-03-13 20:38:21,438 INFO o.a.j.e.StandardJMeterEngine: All thread groups have been started
2024-03-13 20:38:21,448 INFO o.a.j.p.h.s.HTTPHCAbstractImpl: Local host = Raf-Nitro
2024-03-13 20:38:21,455 INFO o.a.j.p.h.s.HTTPHC4Impl: HTTP request retry count = 0
2024-03-13 20:38:21,537 INFO o.a.j.t.JMeterThread: Thread started: Thread Group 1-2
2024-03-13 20:38:21,551 INFO o.a.j.t.JMeterThread: Thread is done: Thread Group 1-1
2024-03-13 20:38:21,551 INFO o.a.j.t.JMeterThread: Thread is done: Thread Group 1-2
2024-03-13 20:38:21,551 INFO o.a.j.t.JMeterThread: Thread finished: Thread Group 1-1
2024-03-13 20:38:21,551 INFO o.a.j.t.JMeterThread: Thread finished: Thread Group 1-2
2024-03-13 20:38:21,636 INFO o.a.j.t.JMeterThread: Thread started: Thread Group 1-3
2024-03-13 20:38:21,645 INFO o.a.j.t.JMeterThread: Thread is done: Thread Group 1-3
2024-03-13 20:38:21,645 INFO o.a.j.t.JMeterThread: Thread finished: Thread Group 1-3
2024-03-13 20:38:21,737 INFO o.a.j.t.JMeterThread: Thread started: Thread Group 1-4
2024-03-13 20:38:21,747 INFO o.a.j.t.JMeterThread: Thread is done: Thread Group 1-4
2024-03-13 20:38:21,748 INFO o.a.j.t.JMeterThread: Thread finished: Thread Group 1-4
2024-03-13 20:38:21,836 INFO o.a.j.t.JMeterThread: Thread started: Thread Group 1-5
2024-03-13 20:38:21,845 INFO o.a.j.t.JMeterThread: Thread is done: Thread Group 1-5
2024-03-13 20:38:21,845 INFO o.a.j.t.JMeterThread: Thread finished: Thread Group 1-5
2024-03-13 20:38:21,936 INFO o.a.j.t.JMeterThread: Thread started: Thread Group 1-6
2024-03-13 20:38:21,946 INFO o.a.j.t.JMeterThread: Thread is done: Thread Group 1-6
2024-03-13 20:38:21,946 INFO o.a.j.t.JMeterThread: Thread finished: Thread Group 1-6
2024-03-13 20:38:22,037 INFO o.a.j.t.JMeterThread: Thread started: Thread Group 1-7
2024-03-13 20:38:22,047 INFO o.a.j.t.JMeterThread: Thread is done: Thread Group 1-7
2024-03-13 20:38:22,047 INFO o.a.j.t.JMeterThread: Thread finished: Thread Group 1-7
2024-03-13 20:38:22,136 INFO o.a.j.t.JMeterThread: Thread started: Thread Group 1-8
2024-03-13 20:38:22,146 INFO o.a.j.t.JMeterThread: Thread is done: Thread Group 1-8
2024-03-13 20:38:22,146 INFO o.a.j.t.JMeterThread: Thread finished: Thread Group 1-8
2024-03-13 20:38:22,237 INFO o.a.j.t.JMeterThread: Thread started: Thread Group 1-9
2024-03-13 20:38:22,246 INFO o.a.j.t.JMeterThread: Thread is done: Thread Group 1-9
2024-03-13 20:38:22,246 INFO o.a.j.t.JMeterThread: Thread finished: Thread Group 1-9
2024-03-13 20:38:22,337 INFO o.a.j.t.JMeterThread: Thread started: Thread Group 1-10
2024-03-13 20:38:22,346 INFO o.a.j.t.JMeterThread: Thread is done: Thread Group 1-10
2024-03-13 20:38:22,346 INFO o.a.j.t.JMeterThread: Thread finished: Thread Group 1-10
2024-03-13 20:38:22,346 INFO o.a.j.e.StandardJMeterEngine: Notifying test listeners of end of test
2024-03-13 20:38:22,346 INFO o.a.j.g.u.JMeterMenuBar: setRunning(false, *local*)
